<?xml version="1.0" encoding="UTF-8"?>
<testng-results ignored="0" total="21" passed="21" failed="0" skipped="0">
  <reporter-output>
  </reporter-output>
  <suite started-at="2023-09-23T10:52:54Z" name="Suite" finished-at="2023-09-23T10:58:30Z" duration-ms="336729">
    <groups>
    </groups>
    <test started-at="2023-09-23T10:52:54Z" name="Test" finished-at="2023-09-23T10:58:30Z" duration-ms="336729">
      <class name="org.login.GC_Login_Page">
        <test-method is-config="true" signature="beforeMethod()[pri:0, instance:org.login.GC_Login_Page@401f7633]" started-at="2023-09-23T10:52:54Z" name="beforeMethod" finished-at="2023-09-23T10:52:57Z" duration-ms="3685" status="PASS">
          <reporter-output>
          </reporter-output>
        </test-method> <!-- beforeMethod -->
        <test-method signature="Test_Case_01()[pri:0, instance:org.login.GC_Login_Page@401f7633]" started-at="2023-09-23T10:52:57Z" name="Test_Case_01" finished-at="2023-09-23T10:53:06Z" duration-ms="8467" status="PASS">
          <reporter-output>
          </reporter-output>
        </test-method> <!-- Test_Case_01 -->
        <test-method is-config="true" signature="afterMethod()[pri:0, instance:org.login.GC_Login_Page@401f7633]" started-at="2023-09-23T10:53:06Z" name="afterMethod" finished-at="2023-09-23T10:53:06Z" duration-ms="481" status="PASS">
          <reporter-output>
          </reporter-output>
        </test-method> <!-- afterMethod -->
        <test-method is-config="true" signature="beforeMethod()[pri:0, instance:org.login.GC_Login_Page@401f7633]" started-at="2023-09-23T10:53:06Z" name="beforeMethod" finished-at="2023-09-23T10:53:07Z" duration-ms="996" status="PASS">
          <reporter-output>
          </reporter-output>
        </test-method> <!-- beforeMethod -->
        <test-method signature="Test_Case_02()[pri:0, instance:org.login.GC_Login_Page@401f7633]" started-at="2023-09-23T10:53:07Z" name="Test_Case_02" finished-at="2023-09-23T10:53:17Z" duration-ms="10295" status="PASS">
          <reporter-output>
          </reporter-output>
        </test-method> <!-- Test_Case_02 -->
        <test-method is-config="true" signature="afterMethod()[pri:0, instance:org.login.GC_Login_Page@401f7633]" started-at="2023-09-23T10:53:17Z" name="afterMethod" finished-at="2023-09-23T10:53:18Z" duration-ms="237" status="PASS">
          <reporter-output>
          </reporter-output>
        </test-method> <!-- afterMethod -->
        <test-method is-config="true" signature="beforeMethod()[pri:0, instance:org.login.GC_Login_Page@401f7633]" started-at="2023-09-23T10:53:18Z" name="beforeMethod" finished-at="2023-09-23T10:53:19Z" duration-ms="1055" status="PASS">
          <reporter-output>
          </reporter-output>
        </test-method> <!-- beforeMethod -->
        <test-method signature="Test_Case_03()[pri:0, instance:org.login.GC_Login_Page@401f7633]" started-at="2023-09-23T10:53:19Z" name="Test_Case_03" finished-at="2023-09-23T10:53:30Z" duration-ms="11175" status="PASS">
          <reporter-output>
          </reporter-output>
        </test-method> <!-- Test_Case_03 -->
        <test-method is-config="true" signature="afterMethod()[pri:0, instance:org.login.GC_Login_Page@401f7633]" started-at="2023-09-23T10:53:30Z" name="afterMethod" finished-at="2023-09-23T10:53:30Z" duration-ms="212" status="PASS">
          <reporter-output>
          </reporter-output>
        </test-method> <!-- afterMethod -->
        <test-method is-config="true" signature="beforeMethod()[pri:0, instance:org.login.GC_Login_Page@401f7633]" started-at="2023-09-23T10:53:30Z" name="beforeMethod" finished-at="2023-09-23T10:53:31Z" duration-ms="955" status="PASS">
          <reporter-output>
          </reporter-output>
        </test-method> <!-- beforeMethod -->
        <test-method signature="Test_Case_04(java.lang.String)[pri:0, instance:org.login.GC_Login_Page@401f7633]" started-at="2023-09-23T10:53:31Z" name="Test_Case_04" finished-at="2023-09-23T10:53:43Z" duration-ms="11846" status="PASS">
          <params>
            <param index="0">
              <value>
                <![CDATA[rome@gmail.com]]>
              </value>
            </param>
          </params>
          <reporter-output>
          </reporter-output>
        </test-method> <!-- Test_Case_04 -->
        <test-method is-config="true" signature="afterMethod()[pri:0, instance:org.login.GC_Login_Page@401f7633]" started-at="2023-09-23T10:53:43Z" name="afterMethod" finished-at="2023-09-23T10:53:43Z" duration-ms="298" status="PASS">
          <reporter-output>
          </reporter-output>
        </test-method> <!-- afterMethod -->
        <test-method is-config="true" signature="beforeMethod()[pri:0, instance:org.login.GC_Login_Page@401f7633]" started-at="2023-09-23T10:53:43Z" name="beforeMethod" finished-at="2023-09-23T10:53:44Z" duration-ms="1167" status="PASS">
          <reporter-output>
          </reporter-output>
        </test-method> <!-- beforeMethod -->
        <test-method signature="Test_Case_05(java.lang.String)[pri:0, instance:org.login.GC_Login_Page@401f7633]" started-at="2023-09-23T10:53:44Z" name="Test_Case_05" finished-at="2023-09-23T10:53:55Z" duration-ms="10741" status="PASS">
          <params>
            <param index="0">
              <value>
                <![CDATA[Rome@123]]>
              </value>
            </param>
          </params>
          <reporter-output>
          </reporter-output>
        </test-method> <!-- Test_Case_05 -->
        <test-method is-config="true" signature="afterMethod()[pri:0, instance:org.login.GC_Login_Page@401f7633]" started-at="2023-09-23T10:53:55Z" name="afterMethod" finished-at="2023-09-23T10:53:55Z" duration-ms="224" status="PASS">
          <reporter-output>
          </reporter-output>
        </test-method> <!-- afterMethod -->
        <test-method is-config="true" signature="beforeMethod()[pri:0, instance:org.login.GC_Login_Page@401f7633]" started-at="2023-09-23T10:53:55Z" name="beforeMethod" finished-at="2023-09-23T10:53:56Z" duration-ms="1020" status="PASS">
          <reporter-output>
          </reporter-output>
        </test-method> <!-- beforeMethod -->
        <test-method signature="Test_Case_06()[pri:0, instance:org.login.GC_Login_Page@401f7633]" started-at="2023-09-23T10:53:56Z" name="Test_Case_06" finished-at="2023-09-23T10:54:10Z" duration-ms="13507" status="PASS">
          <reporter-output>
          </reporter-output>
        </test-method> <!-- Test_Case_06 -->
        <test-method is-config="true" signature="afterMethod()[pri:0, instance:org.login.GC_Login_Page@401f7633]" started-at="2023-09-23T10:54:10Z" name="afterMethod" finished-at="2023-09-23T10:54:10Z" duration-ms="308" status="PASS">
          <reporter-output>
          </reporter-output>
        </test-method> <!-- afterMethod -->
        <test-method is-config="true" signature="beforeMethod()[pri:0, instance:org.login.GC_Login_Page@401f7633]" started-at="2023-09-23T10:54:10Z" name="beforeMethod" finished-at="2023-09-23T10:54:11Z" duration-ms="1175" status="PASS">
          <reporter-output>
          </reporter-output>
        </test-method> <!-- beforeMethod -->
        <test-method signature="Test_Case_07()[pri:0, instance:org.login.GC_Login_Page@401f7633]" started-at="2023-09-23T10:54:11Z" name="Test_Case_07" finished-at="2023-09-23T10:54:22Z" duration-ms="10685" status="PASS">
          <reporter-output>
          </reporter-output>
        </test-method> <!-- Test_Case_07 -->
        <test-method is-config="true" signature="afterMethod()[pri:0, instance:org.login.GC_Login_Page@401f7633]" started-at="2023-09-23T10:54:22Z" name="afterMethod" finished-at="2023-09-23T10:54:22Z" duration-ms="232" status="PASS">
          <reporter-output>
          </reporter-output>
        </test-method> <!-- afterMethod -->
        <test-method is-config="true" signature="beforeMethod()[pri:0, instance:org.login.GC_Login_Page@401f7633]" started-at="2023-09-23T10:54:22Z" name="beforeMethod" finished-at="2023-09-23T10:54:23Z" duration-ms="965" status="PASS">
          <reporter-output>
          </reporter-output>
        </test-method> <!-- beforeMethod -->
        <test-method signature="Test_Case_08(java.lang.String, java.lang.String)[pri:0, instance:org.login.GC_Login_Page@401f7633]" started-at="2023-09-23T10:54:23Z" name="Test_Case_08" finished-at="2023-09-23T10:54:42Z" duration-ms="18894" status="PASS">
          <params>
            <param index="0">
              <value>
                <![CDATA[rome@gmail.com]]>
              </value>
            </param>
            <param index="1">
              <value>
                <![CDATA[Rome@123]]>
              </value>
            </param>
          </params>
          <reporter-output>
          </reporter-output>
        </test-method> <!-- Test_Case_08 -->
        <test-method is-config="true" signature="afterMethod()[pri:0, instance:org.login.GC_Login_Page@401f7633]" started-at="2023-09-23T10:54:42Z" name="afterMethod" finished-at="2023-09-23T10:54:42Z" duration-ms="248" status="PASS">
          <reporter-output>
          </reporter-output>
        </test-method> <!-- afterMethod -->
        <test-method is-config="true" signature="beforeMethod()[pri:0, instance:org.login.GC_Login_Page@401f7633]" started-at="2023-09-23T10:54:42Z" name="beforeMethod" finished-at="2023-09-23T10:54:43Z" duration-ms="830" status="PASS">
          <reporter-output>
          </reporter-output>
        </test-method> <!-- beforeMethod -->
        <test-method signature="Test_Case_09()[pri:0, instance:org.login.GC_Login_Page@401f7633]" started-at="2023-09-23T10:54:43Z" name="Test_Case_09" finished-at="2023-09-23T10:54:54Z" duration-ms="10358" status="PASS">
          <reporter-output>
          </reporter-output>
        </test-method> <!-- Test_Case_09 -->
        <test-method is-config="true" signature="afterMethod()[pri:0, instance:org.login.GC_Login_Page@401f7633]" started-at="2023-09-23T10:54:54Z" name="afterMethod" finished-at="2023-09-23T10:54:54Z" duration-ms="207" status="PASS">
          <reporter-output>
          </reporter-output>
        </test-method> <!-- afterMethod -->
        <test-method is-config="true" signature="beforeMethod()[pri:0, instance:org.login.GC_Login_Page@401f7633]" started-at="2023-09-23T10:54:54Z" name="beforeMethod" finished-at="2023-09-23T10:54:55Z" duration-ms="1028" status="PASS">
          <reporter-output>
          </reporter-output>
        </test-method> <!-- beforeMethod -->
        <test-method signature="Test_Case_10()[pri:0, instance:org.login.GC_Login_Page@401f7633]" started-at="2023-09-23T10:54:55Z" name="Test_Case_10" finished-at="2023-09-23T10:55:12Z" duration-ms="17104" status="PASS">
          <reporter-output>
          </reporter-output>
        </test-method> <!-- Test_Case_10 -->
        <test-method is-config="true" signature="afterMethod()[pri:0, instance:org.login.GC_Login_Page@401f7633]" started-at="2023-09-23T10:55:12Z" name="afterMethod" finished-at="2023-09-23T10:55:12Z" duration-ms="292" status="PASS">
          <reporter-output>
          </reporter-output>
        </test-method> <!-- afterMethod -->
        <test-method is-config="true" signature="beforeMethod()[pri:0, instance:org.login.GC_Login_Page@401f7633]" started-at="2023-09-23T10:55:12Z" name="beforeMethod" finished-at="2023-09-23T10:55:13Z" duration-ms="1154" status="PASS">
          <reporter-output>
          </reporter-output>
        </test-method> <!-- beforeMethod -->
        <test-method signature="Test_Case_11(java.lang.String)[pri:0, instance:org.login.GC_Login_Page@401f7633]" started-at="2023-09-23T10:55:13Z" name="Test_Case_11" finished-at="2023-09-23T10:55:29Z" duration-ms="15413" status="PASS">
          <params>
            <param index="0">
              <value>
                <![CDATA[Rome@gmail.com]]>
              </value>
            </param>
          </params>
          <reporter-output>
          </reporter-output>
        </test-method> <!-- Test_Case_11 -->
        <test-method is-config="true" signature="afterMethod()[pri:0, instance:org.login.GC_Login_Page@401f7633]" started-at="2023-09-23T10:55:29Z" name="afterMethod" finished-at="2023-09-23T10:55:29Z" duration-ms="272" status="PASS">
          <reporter-output>
          </reporter-output>
        </test-method> <!-- afterMethod -->
        <test-method is-config="true" signature="beforeMethod()[pri:0, instance:org.login.GC_Login_Page@401f7633]" started-at="2023-09-23T10:55:29Z" name="beforeMethod" finished-at="2023-09-23T10:55:30Z" duration-ms="1036" status="PASS">
          <reporter-output>
          </reporter-output>
        </test-method> <!-- beforeMethod -->
        <test-method signature="Test_Case_12()[pri:0, instance:org.login.GC_Login_Page@401f7633]" started-at="2023-09-23T10:55:30Z" name="Test_Case_12" finished-at="2023-09-23T10:55:45Z" duration-ms="15200" status="PASS">
          <reporter-output>
          </reporter-output>
        </test-method> <!-- Test_Case_12 -->
        <test-method is-config="true" signature="afterMethod()[pri:0, instance:org.login.GC_Login_Page@401f7633]" started-at="2023-09-23T10:55:45Z" name="afterMethod" finished-at="2023-09-23T10:55:46Z" duration-ms="313" status="PASS">
          <reporter-output>
          </reporter-output>
        </test-method> <!-- afterMethod -->
        <test-method is-config="true" signature="beforeMethod()[pri:0, instance:org.login.GC_Login_Page@401f7633]" started-at="2023-09-23T10:55:46Z" name="beforeMethod" finished-at="2023-09-23T10:55:47Z" duration-ms="978" status="PASS">
          <reporter-output>
          </reporter-output>
        </test-method> <!-- beforeMethod -->
        <test-method signature="Test_Case_13(java.lang.String, java.lang.String)[pri:0, instance:org.login.GC_Login_Page@401f7633]" started-at="2023-09-23T10:55:47Z" name="Test_Case_13" finished-at="2023-09-23T10:56:00Z" duration-ms="12985" status="PASS">
          <params>
            <param index="0">
              <value>
                <![CDATA[sabir@gmail.com]]>
              </value>
            </param>
            <param index="1">
              <value>
                <![CDATA[Rome@123]]>
              </value>
            </param>
          </params>
          <reporter-output>
          </reporter-output>
        </test-method> <!-- Test_Case_13 -->
        <test-method is-config="true" signature="afterMethod()[pri:0, instance:org.login.GC_Login_Page@401f7633]" started-at="2023-09-23T10:56:00Z" name="afterMethod" finished-at="2023-09-23T10:56:00Z" duration-ms="465" status="PASS">
          <reporter-output>
          </reporter-output>
        </test-method> <!-- afterMethod -->
        <test-method is-config="true" signature="beforeMethod()[pri:0, instance:org.login.GC_Login_Page@401f7633]" started-at="2023-09-23T10:56:00Z" name="beforeMethod" finished-at="2023-09-23T10:56:01Z" duration-ms="1035" status="PASS">
          <reporter-output>
          </reporter-output>
        </test-method> <!-- beforeMethod -->
        <test-method signature="Test_Case_14(java.lang.String, java.lang.String)[pri:0, instance:org.login.GC_Login_Page@401f7633]" started-at="2023-09-23T10:56:01Z" name="Test_Case_14" finished-at="2023-09-23T10:56:14Z" duration-ms="13227" status="PASS">
          <params>
            <param index="0">
              <value>
                <![CDATA[sabir@gmail.com]]>
              </value>
            </param>
            <param index="1">
              <value>
                <![CDATA[Rome@123]]>
              </value>
            </param>
          </params>
          <reporter-output>
          </reporter-output>
        </test-method> <!-- Test_Case_14 -->
        <test-method is-config="true" signature="afterMethod()[pri:0, instance:org.login.GC_Login_Page@401f7633]" started-at="2023-09-23T10:56:14Z" name="afterMethod" finished-at="2023-09-23T10:56:15Z" duration-ms="220" status="PASS">
          <reporter-output>
          </reporter-output>
        </test-method> <!-- afterMethod -->
        <test-method is-config="true" signature="beforeMethod()[pri:0, instance:org.login.GC_Login_Page@401f7633]" started-at="2023-09-23T10:56:15Z" name="beforeMethod" finished-at="2023-09-23T10:56:16Z" duration-ms="1033" status="PASS">
          <reporter-output>
          </reporter-output>
        </test-method> <!-- beforeMethod -->
        <test-method signature="Test_Case_15(java.lang.String, java.lang.String)[pri:0, instance:org.login.GC_Login_Page@401f7633]" started-at="2023-09-23T10:56:16Z" name="Test_Case_15" finished-at="2023-09-23T10:56:29Z" duration-ms="13569" status="PASS">
          <params>
            <param index="0">
              <value>
                <![CDATA[ ]]>
              </value>
            </param>
            <param index="1">
              <value>
                <![CDATA[ ]]>
              </value>
            </param>
          </params>
          <reporter-output>
          </reporter-output>
        </test-method> <!-- Test_Case_15 -->
        <test-method is-config="true" signature="afterMethod()[pri:0, instance:org.login.GC_Login_Page@401f7633]" started-at="2023-09-23T10:56:29Z" name="afterMethod" finished-at="2023-09-23T10:56:29Z" duration-ms="243" status="PASS">
          <reporter-output>
          </reporter-output>
        </test-method> <!-- afterMethod -->
        <test-method is-config="true" signature="beforeMethod()[pri:0, instance:org.login.GC_Login_Page@401f7633]" started-at="2023-09-23T10:56:29Z" name="beforeMethod" finished-at="2023-09-23T10:56:30Z" duration-ms="965" status="PASS">
          <reporter-output>
          </reporter-output>
        </test-method> <!-- beforeMethod -->
        <test-method signature="Test_Case_16(java.lang.String)[pri:0, instance:org.login.GC_Login_Page@401f7633]" started-at="2023-09-23T10:56:30Z" name="Test_Case_16" finished-at="2023-09-23T10:56:46Z" duration-ms="15628" status="PASS">
          <params>
            <param index="0">
              <value>
                <![CDATA[romegmail.com]]>
              </value>
            </param>
          </params>
          <reporter-output>
          </reporter-output>
        </test-method> <!-- Test_Case_16 -->
        <test-method is-config="true" signature="afterMethod()[pri:0, instance:org.login.GC_Login_Page@401f7633]" started-at="2023-09-23T10:56:46Z" name="afterMethod" finished-at="2023-09-23T10:56:46Z" duration-ms="234" status="PASS">
          <reporter-output>
          </reporter-output>
        </test-method> <!-- afterMethod -->
        <test-method is-config="true" signature="beforeMethod()[pri:0, instance:org.login.GC_Login_Page@401f7633]" started-at="2023-09-23T10:56:46Z" name="beforeMethod" finished-at="2023-09-23T10:56:47Z" duration-ms="890" status="PASS">
          <reporter-output>
          </reporter-output>
        </test-method> <!-- beforeMethod -->
        <test-method signature="Test_Case_17(java.lang.String)[pri:0, instance:org.login.GC_Login_Page@401f7633]" started-at="2023-09-23T10:56:47Z" name="Test_Case_17" finished-at="2023-09-23T10:57:06Z" duration-ms="18507" status="PASS">
          <params>
            <param index="0">
              <value>
                <![CDATA[romegmail.com]]>
              </value>
            </param>
          </params>
          <reporter-output>
          </reporter-output>
        </test-method> <!-- Test_Case_17 -->
        <test-method is-config="true" signature="afterMethod()[pri:0, instance:org.login.GC_Login_Page@401f7633]" started-at="2023-09-23T10:57:06Z" name="afterMethod" finished-at="2023-09-23T10:57:06Z" duration-ms="311" status="PASS">
          <reporter-output>
          </reporter-output>
        </test-method> <!-- afterMethod -->
        <test-method is-config="true" signature="beforeMethod()[pri:0, instance:org.login.GC_Login_Page@401f7633]" started-at="2023-09-23T10:57:06Z" name="beforeMethod" finished-at="2023-09-23T10:57:07Z" duration-ms="988" status="PASS">
          <reporter-output>
          </reporter-output>
        </test-method> <!-- beforeMethod -->
        <test-method signature="Test_Case_18()[pri:0, instance:org.login.GC_Login_Page@401f7633]" started-at="2023-09-23T10:57:07Z" name="Test_Case_18" finished-at="2023-09-23T10:57:23Z" duration-ms="15583" status="PASS">
          <reporter-output>
          </reporter-output>
        </test-method> <!-- Test_Case_18 -->
        <test-method is-config="true" signature="afterMethod()[pri:0, instance:org.login.GC_Login_Page@401f7633]" started-at="2023-09-23T10:57:23Z" name="afterMethod" finished-at="2023-09-23T10:57:23Z" duration-ms="233" status="PASS">
          <reporter-output>
          </reporter-output>
        </test-method> <!-- afterMethod -->
        <test-method is-config="true" signature="beforeMethod()[pri:0, instance:org.login.GC_Login_Page@401f7633]" started-at="2023-09-23T10:57:23Z" name="beforeMethod" finished-at="2023-09-23T10:57:24Z" duration-ms="1030" status="PASS">
          <reporter-output>
          </reporter-output>
        </test-method> <!-- beforeMethod -->
        <test-method signature="Test_Case_19(java.lang.String)[pri:0, instance:org.login.GC_Login_Page@401f7633]" started-at="2023-09-23T10:57:24Z" name="Test_Case_19" finished-at="2023-09-23T10:57:40Z" duration-ms="15714" status="PASS">
          <params>
            <param index="0">
              <value>
                <![CDATA[Rome@gmail.com]]>
              </value>
            </param>
          </params>
          <reporter-output>
          </reporter-output>
        </test-method> <!-- Test_Case_19 -->
        <test-method is-config="true" signature="afterMethod()[pri:0, instance:org.login.GC_Login_Page@401f7633]" started-at="2023-09-23T10:57:40Z" name="afterMethod" finished-at="2023-09-23T10:57:40Z" duration-ms="232" status="PASS">
          <reporter-output>
          </reporter-output>
        </test-method> <!-- afterMethod -->
        <test-method is-config="true" signature="beforeMethod()[pri:0, instance:org.login.GC_Login_Page@401f7633]" started-at="2023-09-23T10:57:40Z" name="beforeMethod" finished-at="2023-09-23T10:57:41Z" duration-ms="883" status="PASS">
          <reporter-output>
          </reporter-output>
        </test-method> <!-- beforeMethod -->
        <test-method signature="Test_Case_20()[pri:0, instance:org.login.GC_Login_Page@401f7633]" started-at="2023-09-23T10:57:41Z" name="Test_Case_20" finished-at="2023-09-23T10:57:49Z" duration-ms="8062" status="PASS">
          <reporter-output>
          </reporter-output>
        </test-method> <!-- Test_Case_20 -->
        <test-method is-config="true" signature="afterMethod()[pri:0, instance:org.login.GC_Login_Page@401f7633]" started-at="2023-09-23T10:57:49Z" name="afterMethod" finished-at="2023-09-23T10:57:49Z" duration-ms="224" status="PASS">
          <reporter-output>
          </reporter-output>
        </test-method> <!-- afterMethod -->
        <test-method is-config="true" signature="beforeMethod()[pri:0, instance:org.login.GC_Login_Page@401f7633]" started-at="2023-09-23T10:57:49Z" name="beforeMethod" finished-at="2023-09-23T10:57:50Z" duration-ms="869" status="PASS">
          <reporter-output>
          </reporter-output>
        </test-method> <!-- beforeMethod -->
        <test-method signature="Test_Case_21()[pri:0, instance:org.login.GC_Login_Page@401f7633]" started-at="2023-09-23T10:57:50Z" name="Test_Case_21" finished-at="2023-09-23T10:58:30Z" duration-ms="40004" status="PASS">
          <reporter-output>
          </reporter-output>
        </test-method> <!-- Test_Case_21 -->
        <test-method is-config="true" signature="afterMethod()[pri:0, instance:org.login.GC_Login_Page@401f7633]" started-at="2023-09-23T10:58:30Z" name="afterMethod" finished-at="2023-09-23T10:58:30Z" duration-ms="468" status="PASS">
          <reporter-output>
          </reporter-output>
        </test-method> <!-- afterMethod -->
      </class> <!-- org.login.GC_Login_Page -->
    </test> <!-- Test -->
  </suite> <!-- Suite -->
</testng-results>
