<?xml version="1.0" encoding="UTF-8"?>
<!-- Generated by org.testng.reporters.JUnitXMLReporter -->
<testsuite ignored="0" hostname="DESKTOP-4REHPT5" failures="0" tests="21" name="Test" time="336.729" errors="0" timestamp="23 Sep 2023 10:58:30 GMT">
  <testcase classname="org.login.GC_Login_Page" name="Test_Case_01" time="8.467"/>
  <testcase classname="org.login.GC_Login_Page" name="Test_Case_02" time="10.295"/>
  <testcase classname="org.login.GC_Login_Page" name="Test_Case_03" time="11.175"/>
  <testcase classname="org.login.GC_Login_Page" name="Test_Case_04" time="11.846"/>
  <testcase classname="org.login.GC_Login_Page" name="Test_Case_05" time="10.741"/>
  <testcase classname="org.login.GC_Login_Page" name="Test_Case_06" time="13.507"/>
  <testcase classname="org.login.GC_Login_Page" name="Test_Case_07" time="10.685"/>
  <testcase classname="org.login.GC_Login_Page" name="Test_Case_08" time="18.894"/>
  <testcase classname="org.login.GC_Login_Page" name="Test_Case_09" time="10.358"/>
  <testcase classname="org.login.GC_Login_Page" name="Test_Case_10" time="17.104"/>
  <testcase classname="org.login.GC_Login_Page" name="Test_Case_11" time="15.413"/>
  <testcase classname="org.login.GC_Login_Page" name="Test_Case_12" time="15.2"/>
  <testcase classname="org.login.GC_Login_Page" name="Test_Case_13" time="12.985"/>
  <testcase classname="org.login.GC_Login_Page" name="Test_Case_14" time="13.227"/>
  <testcase classname="org.login.GC_Login_Page" name="Test_Case_15" time="13.569"/>
  <testcase classname="org.login.GC_Login_Page" name="Test_Case_16" time="15.628"/>
  <testcase classname="org.login.GC_Login_Page" name="Test_Case_17" time="18.507"/>
  <testcase classname="org.login.GC_Login_Page" name="Test_Case_18" time="15.583"/>
  <testcase classname="org.login.GC_Login_Page" name="Test_Case_19" time="15.714"/>
  <testcase classname="org.login.GC_Login_Page" name="Test_Case_20" time="8.062"/>
  <testcase classname="org.login.GC_Login_Page" name="Test_Case_21" time="40.004"/>
</testsuite> <!-- Test -->
